<?xml version="1.0" encoding="UTF-8"?>
<!-- Generated by org.testng.reporters.JUnitReportReporter -->
<testsuite hostname="DESKTOP-L0QPCV5" failures="0" tests="2" name="Cucumber.stealmylogin.LoginIntoHomePage" time="5.270" errors="0" timestamp="2022-07-05T23:40:00 IST" skipped="0">
  <testcase classname="Cucumber.stealmylogin.LoginIntoHomePage" name="basePageNavigation" time="3.114"/>
  <system-out/>
  <testcase classname="Cucumber.stealmylogin.LoginIntoHomePage" name="basePageNavigation" time="2.156"/>
  <system-out/>
</testsuite> <!-- Cucumber.stealmylogin.LoginIntoHomePage -->
