<?xml version="1.0" encoding="UTF-8"?>
<!-- Generated by org.testng.reporters.JUnitReportReporter -->
<testsuite hostname="DESKTOP-L0QPCV5" failures="0" tests="1" name="Cucumber.stealmylogin.AppTest" time="0.005" errors="0" timestamp="2022-07-05T23:40:00 IST" skipped="0">
  <testcase classname="Cucumber.stealmylogin.AppTest" name="shouldAnswerWithTrue" time="0.005"/>
  <system-out/>
</testsuite> <!-- Cucumber.stealmylogin.AppTest -->
