<?xml version="1.0" encoding="UTF-8"?>
<!-- Generated by org.testng.reporters.JUnitReportReporter -->
<testsuite hostname="DESKTOP-L0QPCV5" failures="0" tests="2" name="Cucumber.stealmylogin.LoginIntoHomePage" time="5.513" errors="0" timestamp="2022-07-07T15:16:59 IST" skipped="0">
  <testcase classname="Cucumber.stealmylogin.LoginIntoHomePage" name="basePageNavigation" time="1.846"/>
  <system-out/>
  <testcase classname="Cucumber.stealmylogin.LoginIntoHomePage" name="basePageNavigation" time="3.667"/>
  <system-out/>
</testsuite> <!-- Cucumber.stealmylogin.LoginIntoHomePage -->
